Assembler report for reloj_ajedrez
Thu May 08 01:27:43 2025
Quartus Prime Version 15.1.0 Build 185 10/21/2015 SJ Lite Edition


---------------------
; Table of Contents ;
---------------------
  1. Legal Notice
  2. Assembler Summary
  3. Assembler Settings
  4. Assembler Generated Files
  5. Assembler Device Options: F:/Clases/DISEÑO DIGITAL/1IEE04/PROYECTO-VERSION FINAL/SOL/reloj_ajedrez.sof
  6. Assembler Messages



----------------
; Legal Notice ;
----------------
Copyright (C) 1991-2015 Altera Corporation. All rights reserved.
Your use of Altera Corporation's design tools, logic functions 
and other software and tools, and its AMPP partner logic 
functions, and any output files from any of the foregoing 
(including device programming or simulation files), and any 
associated documentation or information are expressly subject 
to the terms and conditions of the Altera Program License 
Subscription Agreement, the Altera Quartus Prime License Agreement,
the Altera MegaCore Function License Agreement, or other 
applicable license agreement, including, without limitation, 
that your use is for the sole purpose of programming logic 
devices manufactured by Altera and sold by Altera or its 
authorized distributors.  Please refer to the applicable 
agreement for further details.



+---------------------------------------------------------------+
; Assembler Summary                                             ;
+-----------------------+---------------------------------------+
; Assembler Status      ; Successful - Thu May 08 01:27:43 2025 ;
; Revision Name         ; reloj_ajedrez                         ;
; Top-level Entity Name ; reloj_ajedrez                         ;
; Family                ; MAX 10                                ;
; Device                ; 10M08DAF484C8G                        ;
+-----------------------+---------------------------------------+


+----------------------------------+
; Assembler Settings               ;
+--------+---------+---------------+
; Option ; Setting ; Default Value ;
+--------+---------+---------------+


+------------------------------------------------------------------------------+
; Assembler Generated Files                                                    ;
+------------------------------------------------------------------------------+
; File Name                                                                    ;
+------------------------------------------------------------------------------+
; F:/Clases/DISEÑO DIGITAL/1IEE04/PROYECTO-VERSION FINAL/SOL/reloj_ajedrez.sof ;
+------------------------------------------------------------------------------+


+--------------------------------------------------------------------------------------------------------+
; Assembler Device Options: F:/Clases/DISEÑO DIGITAL/1IEE04/PROYECTO-VERSION FINAL/SOL/reloj_ajedrez.sof ;
+----------------+---------------------------------------------------------------------------------------+
; Option         ; Setting                                                                               ;
+----------------+---------------------------------------------------------------------------------------+
; Device         ; 10M08DAF484C8G                                                                        ;
; JTAG usercode  ; 0x0007386A                                                                            ;
; Checksum       ; 0x0007386A                                                                            ;
+----------------+---------------------------------------------------------------------------------------+


+--------------------+
; Assembler Messages ;
+--------------------+
Info: *******************************************************************
Info: Running Quartus Prime Assembler
    Info: Version 15.1.0 Build 185 10/21/2015 SJ Lite Edition
    Info: Processing started: Thu May 08 01:27:41 2025
Info: Command: quartus_asm --read_settings_files=off --write_settings_files=off reloj_ajedrez -c reloj_ajedrez
Info (115031): Writing out detailed assembly data for power analysis
Info (115030): Assembler is generating device programming files
Info: Quartus Prime Assembler was successful. 0 errors, 0 warnings
    Info: Peak virtual memory: 4863 megabytes
    Info: Processing ended: Thu May 08 01:27:43 2025
    Info: Elapsed time: 00:00:02
    Info: Total CPU time (on all processors): 00:00:02


